<?xml version="1.0" encoding="UTF-8"?>
<testsuites>
    <testsuite name="as-a-user-of-systembolagets-online-shop;add-a-beverage-in-a-shopping-cart" tests="4" failures="0" skipped="0">
        <properties>
            <property name="URI" value="C:/Users/Sergei/Documents/Mjukvarutestare/Testautomation/Selenium-first-try/features/cart-systembolaget.feature">
            </property>
        </properties>
        <testcase name="Given that I&apos;m in Systembolaget" classname="as-a-user-of-systembolagets-online-shop;add-a-beverage-in-a-shopping-cart" time="0.000656">
        </testcase>
        <testcase name="When I have decided what I want to buy" classname="as-a-user-of-systembolagets-online-shop;add-a-beverage-in-a-shopping-cart" time="0.000156718">
        </testcase>
        <testcase name="And I have decided how much of a certain beverage I want" classname="as-a-user-of-systembolagets-online-shop;add-a-beverage-in-a-shopping-cart" time="0.000152205">
        </testcase>
        <testcase name="Then I add a bevarege in a cart" classname="as-a-user-of-systembolagets-online-shop;add-a-beverage-in-a-shopping-cart" time="0.001012922">
        </testcase>
    </testsuite>
    <testsuite name="as-a-user-of-systembolagets-online-shop;empty-a-shopping-cart" tests="4" failures="0" skipped="0">
        <properties>
            <property name="URI" value="C:/Users/Sergei/Documents/Mjukvarutestare/Testautomation/Selenium-first-try/features/cart-systembolaget.feature">
            </property>
        </properties>
        <testcase name="Given that I&apos;m in Systembolaget" classname="as-a-user-of-systembolagets-online-shop;empty-a-shopping-cart" time="0.000048">
        </testcase>
        <testcase name="And my shopping cart has some baverage inside" classname="as-a-user-of-systembolagets-online-shop;empty-a-shopping-cart" time="0.000133744">
        </testcase>
        <testcase name="When I remove everything from my cart" classname="as-a-user-of-systembolagets-online-shop;empty-a-shopping-cart" time="0.000108718">
        </testcase>
        <testcase name="Then My cart is empty" classname="as-a-user-of-systembolagets-online-shop;empty-a-shopping-cart" time="0.000116512">
        </testcase>
    </testsuite>
    <testsuite name="as-a-user-of-systembolagets-online-shop;remove-a-beverage-from-a-cart" tests="4" failures="0" skipped="0">
        <properties>
            <property name="URI" value="C:/Users/Sergei/Documents/Mjukvarutestare/Testautomation/Selenium-first-try/features/cart-systembolaget.feature">
            </property>
        </properties>
        <testcase name="Given that I&apos;m in Systembolaget" classname="as-a-user-of-systembolagets-online-shop;remove-a-beverage-from-a-cart" time="0.000036923">
        </testcase>
        <testcase name="And I have two bevareges in a cart" classname="as-a-user-of-systembolagets-online-shop;remove-a-beverage-from-a-cart" time="0.000150154">
        </testcase>
        <testcase name="When I changed my mind and remove one of them from the cart" classname="as-a-user-of-systembolagets-online-shop;remove-a-beverage-from-a-cart" time="0.000208">
        </testcase>
        <testcase name="Then now I have only one beverage in a cart" classname="as-a-user-of-systembolagets-online-shop;remove-a-beverage-from-a-cart" time="0.000134974">
        </testcase>
    </testsuite>
    <testsuite name="as-a-user-of-systembolagets-online-shop;see-a-total-price-of-all-items-in-the-cart" tests="3" failures="0" skipped="0">
        <properties>
            <property name="URI" value="C:/Users/Sergei/Documents/Mjukvarutestare/Testautomation/Selenium-first-try/features/cart-systembolaget.feature">
            </property>
        </properties>
        <testcase name="Given that I&apos;m in Systembolaget" classname="as-a-user-of-systembolagets-online-shop;see-a-total-price-of-all-items-in-the-cart" time="0.000051282">
        </testcase>
        <testcase name="When my shopping cart has 0 of product" classname="as-a-user-of-systembolagets-online-shop;see-a-total-price-of-all-items-in-the-cart" time="0.000169846">
        </testcase>
        <testcase name="Then I want to see a total price for all bottles" classname="as-a-user-of-systembolagets-online-shop;see-a-total-price-of-all-items-in-the-cart" time="0.00038359">
        </testcase>
    </testsuite>
    <testsuite name="as-a-user-of-systembolagets-online-shop;see-a-total-price-of-all-items-in-the-cart" tests="3" failures="0" skipped="0">
        <properties>
            <property name="URI" value="C:/Users/Sergei/Documents/Mjukvarutestare/Testautomation/Selenium-first-try/features/cart-systembolaget.feature">
            </property>
        </properties>
        <testcase name="Given that I&apos;m in Systembolaget" classname="as-a-user-of-systembolagets-online-shop;see-a-total-price-of-all-items-in-the-cart" time="0.000039385">
        </testcase>
        <testcase name="When my shopping cart has 5 of product" classname="as-a-user-of-systembolagets-online-shop;see-a-total-price-of-all-items-in-the-cart" time="0.000062769">
        </testcase>
        <testcase name="Then I want to see a total price for all bottles" classname="as-a-user-of-systembolagets-online-shop;see-a-total-price-of-all-items-in-the-cart" time="0.000151385">
        </testcase>
    </testsuite>
    <testsuite name="as-a-user-of-systembolagets-online-shop;see-a-total-price-of-all-items-in-the-cart" tests="3" failures="0" skipped="0">
        <properties>
            <property name="URI" value="C:/Users/Sergei/Documents/Mjukvarutestare/Testautomation/Selenium-first-try/features/cart-systembolaget.feature">
            </property>
        </properties>
        <testcase name="Given that I&apos;m in Systembolaget" classname="as-a-user-of-systembolagets-online-shop;see-a-total-price-of-all-items-in-the-cart" time="0.000055795">
        </testcase>
        <testcase name="When my shopping cart has 25 of product" classname="as-a-user-of-systembolagets-online-shop;see-a-total-price-of-all-items-in-the-cart" time="0.000065641">
        </testcase>
        <testcase name="Then I want to see a total price for all bottles" classname="as-a-user-of-systembolagets-online-shop;see-a-total-price-of-all-items-in-the-cart" time="0.000152615">
        </testcase>
    </testsuite>
    <testsuite name="as-a-user-of-systembolagets-online-shop;find-an-item-in-a-cart" tests="3" failures="0" skipped="0">
        <properties>
            <property name="URI" value="C:/Users/Sergei/Documents/Mjukvarutestare/Testautomation/Selenium-first-try/features/cart-systembolaget.feature">
            </property>
        </properties>
        <testcase name="Given that I have two beverages in a cart" classname="as-a-user-of-systembolagets-online-shop;find-an-item-in-a-cart" time="0.000232616">
        </testcase>
        <testcase name="When I want to see if an item in a cart" classname="as-a-user-of-systembolagets-online-shop;find-an-item-in-a-cart" time="0.000142769">
        </testcase>
        <testcase name="Then I get the information if bottle is in the cart or not" classname="as-a-user-of-systembolagets-online-shop;find-an-item-in-a-cart" time="0.000237949">
        </testcase>
    </testsuite>
    <testsuite name="as-a-user-of-systembolagets-online-shop;client-can-choose/see-categories-of-beverages" tests="3" failures="0" skipped="0">
        <properties>
            <property name="URI" value="C:/Users/Sergei/Documents/Mjukvarutestare/Testautomation/Selenium-first-try/features/categories-systembolaget.feature">
            </property>
        </properties>
        <testcase name="Given that I&apos;m a client" classname="as-a-user-of-systembolagets-online-shop;client-can-choose/see-categories-of-beverages" time="0.000173949">
        </testcase>
        <testcase name="When I want to see which red wine from France Systembolaget has" classname="as-a-user-of-systembolagets-online-shop;client-can-choose/see-categories-of-beverages" time="0.000108718">
        </testcase>
        <testcase name="Then Systembolaget gives me a list of red wines from France" classname="as-a-user-of-systembolagets-online-shop;client-can-choose/see-categories-of-beverages" time="0.000165333">
        </testcase>
    </testsuite>
    <testsuite name="as-a-user-of-systembolagets-online-shop;when-we-don&apos;t-know-that-age-of-a-user-ask-for-it" tests="3" failures="0" skipped="0">
        <properties>
            <property name="URI" value="C:/Users/Sergei/Documents/Mjukvarutestare/Testautomation/Selenium-first-try/features/creating-age.feature">
            </property>
        </properties>
        <testcase name="Given that we don&apos;t know the age of a user / not registered" classname="as-a-user-of-systembolagets-online-shop;when-we-don&apos;t-know-that-age-of-a-user-ask-for-it" time="0.000190769">
        </testcase>
        <testcase name="When the user tries to see our products" classname="as-a-user-of-systembolagets-online-shop;when-we-don&apos;t-know-that-age-of-a-user-ask-for-it" time="0.002488614">
        </testcase>
        <testcase name="Then ask the user for registration" classname="as-a-user-of-systembolagets-online-shop;when-we-don&apos;t-know-that-age-of-a-user-ask-for-it" time="0.00008">
        </testcase>
    </testsuite>
    <testsuite name="as-a-user-of-systembolagets-online-shop;when-a-user-with-the-age-15-tries-to-see-our-products-then-a-warning-should-be-displayed" tests="3" failures="0" skipped="0">
        <properties>
            <property name="URI" value="C:/Users/Sergei/Documents/Mjukvarutestare/Testautomation/Selenium-first-try/features/creating-age.feature">
            </property>
        </properties>
        <testcase name="Given that I am a registered user with a known age of 15" classname="as-a-user-of-systembolagets-online-shop;when-a-user-with-the-age-15-tries-to-see-our-products-then-a-warning-should-be-displayed" time="0.000166153">
        </testcase>
        <testcase name="When I try to see products on the web site" classname="as-a-user-of-systembolagets-online-shop;when-a-user-with-the-age-15-tries-to-see-our-products-then-a-warning-should-be-displayed" time="0.000171077">
        </testcase>
        <testcase name="Then a warning should be displayed" classname="as-a-user-of-systembolagets-online-shop;when-a-user-with-the-age-15-tries-to-see-our-products-then-a-warning-should-be-displayed" time="0.00025682">
        </testcase>
    </testsuite>
    <testsuite name="as-a-user-of-systembolagets-online-shop;when-a-user-with-the-age-19-tries-to-see-our-products-then-a-warning-should-be-displayed" tests="3" failures="0" skipped="0">
        <properties>
            <property name="URI" value="C:/Users/Sergei/Documents/Mjukvarutestare/Testautomation/Selenium-first-try/features/creating-age.feature">
            </property>
        </properties>
        <testcase name="Given that I am a registered user with a known age of 19" classname="as-a-user-of-systembolagets-online-shop;when-a-user-with-the-age-19-tries-to-see-our-products-then-a-warning-should-be-displayed" time="0.000048411">
        </testcase>
        <testcase name="When I try to see products on the web site" classname="as-a-user-of-systembolagets-online-shop;when-a-user-with-the-age-19-tries-to-see-our-products-then-a-warning-should-be-displayed" time="0.000072616">
        </testcase>
        <testcase name="Then a warning should be displayed" classname="as-a-user-of-systembolagets-online-shop;when-a-user-with-the-age-19-tries-to-see-our-products-then-a-warning-should-be-displayed" time="0.000134564">
        </testcase>
    </testsuite>
    <testsuite name="as-a-user-of-systembolagets-online-shop;when-a-user-with-the-age-25-tries-to-see-our-products-then-a-warning-should-be-displayed" tests="3" failures="0" skipped="0">
        <properties>
            <property name="URI" value="C:/Users/Sergei/Documents/Mjukvarutestare/Testautomation/Selenium-first-try/features/creating-age.feature">
            </property>
        </properties>
        <testcase name="Given that I am a registered user with a known age of 25" classname="as-a-user-of-systembolagets-online-shop;when-a-user-with-the-age-25-tries-to-see-our-products-then-a-warning-should-be-displayed" time="0.000038154">
        </testcase>
        <testcase name="When I try to see products on the web site" classname="as-a-user-of-systembolagets-online-shop;when-a-user-with-the-age-25-tries-to-see-our-products-then-a-warning-should-be-displayed" time="0.000087795">
        </testcase>
        <testcase name="Then a warning should be displayed" classname="as-a-user-of-systembolagets-online-shop;when-a-user-with-the-age-25-tries-to-see-our-products-then-a-warning-should-be-displayed" time="0.000143589">
        </testcase>
    </testsuite>
    <testsuite name="as-a-user-of-systembolagets-online-shop;when-a-user-with-the-age-40-tries-to-see-our-products-then-a-warning-should-be-displayed" tests="3" failures="0" skipped="0">
        <properties>
            <property name="URI" value="C:/Users/Sergei/Documents/Mjukvarutestare/Testautomation/Selenium-first-try/features/creating-age.feature">
            </property>
        </properties>
        <testcase name="Given that I am a registered user with a known age of 40" classname="as-a-user-of-systembolagets-online-shop;when-a-user-with-the-age-40-tries-to-see-our-products-then-a-warning-should-be-displayed" time="0.000041026">
        </testcase>
        <testcase name="When I try to see products on the web site" classname="as-a-user-of-systembolagets-online-shop;when-a-user-with-the-age-40-tries-to-see-our-products-then-a-warning-should-be-displayed" time="0.000062359">
        </testcase>
        <testcase name="Then a warning should be displayed" classname="as-a-user-of-systembolagets-online-shop;when-a-user-with-the-age-40-tries-to-see-our-products-then-a-warning-should-be-displayed" time="0.000112">
        </testcase>
    </testsuite>
    <testsuite name="create-a-persons;a-person-has-a-name-and-an-age" tests="6" failures="0" skipped="0">
        <properties>
            <property name="URI" value="C:/Users/Sergei/Documents/Mjukvarutestare/Testautomation/Selenium-first-try/features/creating-persons.feature">
            </property>
        </properties>
        <testcase name="Given that we have a name as a non-empty string" classname="create-a-persons;a-person-has-a-name-and-an-age" time="0.00009641">
        </testcase>
        <testcase name="And an age as a number" classname="create-a-persons;a-person-has-a-name-and-an-age" time="0.000092718">
        </testcase>
        <testcase name="When I try to creat a person with this data" classname="create-a-persons;a-person-has-a-name-and-an-age" time="0.000261333">
        </testcase>
        <testcase name="Then a new person should be created" classname="create-a-persons;a-person-has-a-name-and-an-age" time="0.000148103">
        </testcase>
        <testcase name="And have a properties name and age" classname="create-a-persons;a-person-has-a-name-and-an-age" time="0.000093949">
        </testcase>
        <testcase name="And the properties should be equal to our original data" classname="create-a-persons;a-person-has-a-name-and-an-age" time="0.000174769">
        </testcase>
    </testsuite>
    <testsuite name="create-a-persons;a-person-should-have-a-name-that-is-not-a-number" tests="3" failures="0" skipped="0">
        <properties>
            <property name="URI" value="C:/Users/Sergei/Documents/Mjukvarutestare/Testautomation/Selenium-first-try/features/creating-persons.feature">
            </property>
        </properties>
        <testcase name="Given that we have a name that is of the data type &quot;number&quot;" classname="create-a-persons;a-person-should-have-a-name-that-is-not-a-number" time="0.000134564">
        </testcase>
        <testcase name="When we try to create a person" classname="create-a-persons;a-person-should-have-a-name-that-is-not-a-number" time="0.000162461">
        </testcase>
        <testcase name="Then we should get a runtime error" classname="create-a-persons;a-person-should-have-a-name-that-is-not-a-number" time="0.00012923">
        </testcase>
    </testsuite>
    <testsuite name="create-a-persons;a-person-should-have-a-name-that-is-not-a-boolean-true" tests="3" failures="0" skipped="0">
        <properties>
            <property name="URI" value="C:/Users/Sergei/Documents/Mjukvarutestare/Testautomation/Selenium-first-try/features/creating-persons.feature">
            </property>
        </properties>
        <testcase name="Given that we have a name that is of the data type &quot;boolean true&quot;" classname="create-a-persons;a-person-should-have-a-name-that-is-not-a-boolean-true" time="0.000058666">
        </testcase>
        <testcase name="When we try to create a person" classname="create-a-persons;a-person-should-have-a-name-that-is-not-a-boolean-true" time="0.000060718">
        </testcase>
        <testcase name="Then we should get a runtime error" classname="create-a-persons;a-person-should-have-a-name-that-is-not-a-boolean-true" time="0.000043898">
        </testcase>
    </testsuite>
    <testsuite name="create-a-persons;a-person-should-have-a-name-that-is-not-a-boolean-false" tests="3" failures="0" skipped="0">
        <properties>
            <property name="URI" value="C:/Users/Sergei/Documents/Mjukvarutestare/Testautomation/Selenium-first-try/features/creating-persons.feature">
            </property>
        </properties>
        <testcase name="Given that we have a name that is of the data type &quot;boolean false&quot;" classname="create-a-persons;a-person-should-have-a-name-that-is-not-a-boolean-false" time="0.000049641">
        </testcase>
        <testcase name="When we try to create a person" classname="create-a-persons;a-person-should-have-a-name-that-is-not-a-boolean-false" time="0.000081641">
        </testcase>
        <testcase name="Then we should get a runtime error" classname="create-a-persons;a-person-should-have-a-name-that-is-not-a-boolean-false" time="0.000067282">
        </testcase>
    </testsuite>
    <testsuite name="create-a-persons;a-person-should-have-a-name-that-is-not-a-array" tests="3" failures="0" skipped="0">
        <properties>
            <property name="URI" value="C:/Users/Sergei/Documents/Mjukvarutestare/Testautomation/Selenium-first-try/features/creating-persons.feature">
            </property>
        </properties>
        <testcase name="Given that we have a name that is of the data type &quot;array&quot;" classname="create-a-persons;a-person-should-have-a-name-that-is-not-a-array" time="0.000054975">
        </testcase>
        <testcase name="When we try to create a person" classname="create-a-persons;a-person-should-have-a-name-that-is-not-a-array" time="0.000068103">
        </testcase>
        <testcase name="Then we should get a runtime error" classname="create-a-persons;a-person-should-have-a-name-that-is-not-a-array" time="0.000040616">
        </testcase>
    </testsuite>
    <testsuite name="create-a-persons;a-person-should-have-a-name-that-is-not-a-object" tests="3" failures="0" skipped="0">
        <properties>
            <property name="URI" value="C:/Users/Sergei/Documents/Mjukvarutestare/Testautomation/Selenium-first-try/features/creating-persons.feature">
            </property>
        </properties>
        <testcase name="Given that we have a name that is of the data type &quot;object&quot;" classname="create-a-persons;a-person-should-have-a-name-that-is-not-a-object" time="0.000035692">
        </testcase>
        <testcase name="When we try to create a person" classname="create-a-persons;a-person-should-have-a-name-that-is-not-a-object" time="0.000059488">
        </testcase>
        <testcase name="Then we should get a runtime error" classname="create-a-persons;a-person-should-have-a-name-that-is-not-a-object" time="0.000064821">
        </testcase>
    </testsuite>
    <testsuite name="create-a-persons;a-person-should-have-a-name-that-is-not-a-null" tests="3" failures="0" skipped="0">
        <properties>
            <property name="URI" value="C:/Users/Sergei/Documents/Mjukvarutestare/Testautomation/Selenium-first-try/features/creating-persons.feature">
            </property>
        </properties>
        <testcase name="Given that we have a name that is of the data type &quot;null&quot;" classname="create-a-persons;a-person-should-have-a-name-that-is-not-a-null" time="0.000038564">
        </testcase>
        <testcase name="When we try to create a person" classname="create-a-persons;a-person-should-have-a-name-that-is-not-a-null" time="0.000061129">
        </testcase>
        <testcase name="Then we should get a runtime error" classname="create-a-persons;a-person-should-have-a-name-that-is-not-a-null" time="0.000046769">
        </testcase>
    </testsuite>
    <testsuite name="create-a-persons;a-person-should-have-a-name-that-is-not-a-undefined" tests="3" failures="0" skipped="0">
        <properties>
            <property name="URI" value="C:/Users/Sergei/Documents/Mjukvarutestare/Testautomation/Selenium-first-try/features/creating-persons.feature">
            </property>
        </properties>
        <testcase name="Given that we have a name that is of the data type &quot;undefined&quot;" classname="create-a-persons;a-person-should-have-a-name-that-is-not-a-undefined" time="0.000075488">
        </testcase>
        <testcase name="When we try to create a person" classname="create-a-persons;a-person-should-have-a-name-that-is-not-a-undefined" time="0.000072615">
        </testcase>
        <testcase name="Then we should get a runtime error" classname="create-a-persons;a-person-should-have-a-name-that-is-not-a-undefined" time="0.000045538">
        </testcase>
    </testsuite>
    <testsuite name="create-a-persons;a-person-should-have-a-name-that-is-not-a-empty-string" tests="3" failures="0" skipped="0">
        <properties>
            <property name="URI" value="C:/Users/Sergei/Documents/Mjukvarutestare/Testautomation/Selenium-first-try/features/creating-persons.feature">
            </property>
        </properties>
        <testcase name="Given that we have a name that is of the data type &quot;empty string&quot;" classname="create-a-persons;a-person-should-have-a-name-that-is-not-a-empty-string" time="0.000037744">
        </testcase>
        <testcase name="When we try to create a person" classname="create-a-persons;a-person-should-have-a-name-that-is-not-a-empty-string" time="0.00006441">
        </testcase>
        <testcase name="Then we should get a runtime error" classname="create-a-persons;a-person-should-have-a-name-that-is-not-a-empty-string" time="0.000072205">
        </testcase>
    </testsuite>
</testsuites>