<?xml version="1.0" encoding="UTF-8"?>
<testsuites>
    <testsuite name="function-to-remove-items-from-the-shopping-cart;remove-the-beverages-from-the-shopping-cart" tests="7" failures="0" skipped="0">
        <properties>
            <property name="URI" value="C:\Users\forge\Desktop\Systembolaget\features\remove-from-cart.feature">
            </property>
        </properties>
        <testcase name="Given that I am a registrered user with a legal age" classname="function-to-remove-items-from-the-shopping-cart;remove-the-beverages-from-the-shopping-cart" time="0.000371541">
        </testcase>
        <testcase name="And there are 5 bottles of beverage with id 0 in my shopping cart" classname="function-to-remove-items-from-the-shopping-cart;remove-the-beverages-from-the-shopping-cart" time="0.000187281">
        </testcase>
        <testcase name="And there are 2 bottles of beverage with id 1 in my shopping cart" classname="function-to-remove-items-from-the-shopping-cart;remove-the-beverages-from-the-shopping-cart" time="0.000306219">
        </testcase>
        <testcase name="And there are 9 bottles of beverage with id 2 in my shopping cart" classname="function-to-remove-items-from-the-shopping-cart;remove-the-beverages-from-the-shopping-cart" time="0.000292626">
        </testcase>
        <testcase name="When I click on the button Remove for beverages with id 1 and 2 in my cart" classname="function-to-remove-items-from-the-shopping-cart;remove-the-beverages-from-the-shopping-cart" time="0.000252224">
        </testcase>
        <testcase name="Then these beverages are removed" classname="function-to-remove-items-from-the-shopping-cart;remove-the-beverages-from-the-shopping-cart" time="0.000561086">
        </testcase>
        <testcase name="And total ammount in the shopping cart is changed accordingly" classname="function-to-remove-items-from-the-shopping-cart;remove-the-beverages-from-the-shopping-cart" time="0.001187116">
        </testcase>
    </testsuite>
</testsuites>